<?xml version="1.0" encoding="UTF-8"?>
<!-- Generated by org.testng.reporters.JUnitReportReporter -->
<testsuite skipped="0" hostname="Ramu-PV" name="GitDemo.GitTest" tests="1" failures="0" timestamp="10 Mar 2022 10:42:24 GMT" time="0.020" errors="0">
  <testcase name="gitTest" time="0.020" classname="GitDemo.GitTest"/>
</testsuite> <!-- GitDemo.GitTest -->
