<?xml version="1.0" encoding="UTF-8"?>
<!-- Generated by org.testng.reporters.JUnitReportReporter -->
<testsuite skipped="0" hostname="Ramu-PV" name="GitDemo.CreateContactsTest" tests="1" failures="0" timestamp="13 Mar 2022 05:30:48 GMT" time="31.580" errors="0">
  <testcase name="createContacts" time="31.580" classname="GitDemo.CreateContactsTest"/>
</testsuite> <!-- GitDemo.CreateContactsTest -->
